glyoxal
MOM   S MAD =   1.06 Err = [  -1.05  -0.83  -1.40  -0.94 ]
ELDA  S MAD =   1.09 Err = [  -1.06  -0.88  -1.48  -0.94 ]
TDLDA S MAD =   0.95 Err = [  -0.87  -0.74  -1.29  -0.91 ]
MOM   D MAD =   0.77 Err = [  -0.77 ]
ELDA  D MAD =   0.12 Err = [  -0.12 ]
TDLDA D MAD =   5.61 Err = [  -5.61 ]
benzoquinone
MOM   S MAD =   1.25 Err = [  -1.10  -0.97  -1.16  -1.04  -0.85  -0.70  -3.06  -0.85  -1.54 ]
ELDA  S MAD =   1.18 Err = [  -1.28  -1.19  -0.61  -1.26  -1.13  -0.95  -1.34  -1.10  -1.72 ]
TDLDA S MAD =   1.10 Err = [  -1.02  -0.99  -1.08  -1.38  -1.41  -1.32  -1.16  -0.57  -0.97 ]
MOM   D MAD =   0.32 Err = [  -0.32 ]
ELDA  D MAD =   0.10 Err = [   0.10 ]
TDLDA D MAD =   4.57 Err = [  -4.57 ]
tetrazine
MOM   S MAD =   0.90 Err = [  -1.01  -0.97  -1.30  -0.83  -0.69  -0.64  -0.62  -1.12 ]
ELDA  S MAD =   0.89 Err = [  -0.90  -1.19  -1.00  -0.76  -0.71  -0.65  -0.79  -1.11 ]
TDLDA S MAD =   0.55 Err = [  -0.81  -1.15  -1.01  -0.48  -0.39   0.14  -0.31   0.14 ]
MOM   D MAD =   0.78 Err = [  -0.62   0.95 ]
ELDA  D MAD =   0.71 Err = [   0.17   1.26 ]
TDLDA D MAD =   5.38 Err = [  -4.61  -6.15 ]
All
MOM   S MAD =   1.08
ELDA  S MAD =   1.05
TDLDA S MAD =   0.86
MOM   D MAD =   0.67
ELDA  D MAD =   0.41
TDLDA D MAD =   5.23
========================================================================
